<?xml version="1.0" encoding="UTF-8"?>
<testsuite name="com.webservice.springboot.domain.posts.PostsRepositoryTest" tests="2" skipped="0" failures="0" errors="0" timestamp="2023-04-07T14:18:37" hostname="MINSEOCHO" time="0.23">
  <properties/>
  <testcase name="게시글저장_불러오기()" classname="com.webservice.springboot.domain.posts.PostsRepositoryTest" time="0.206"/>
  <testcase name="BaseTimeEntity_등록()" classname="com.webservice.springboot.domain.posts.PostsRepositoryTest" time="0.023"/>
  <system-out><![CDATA[2023-04-07 23:18:34.105  INFO 34092 --- [    Test worker] .b.t.c.SpringBootTestContextBootstrapper : Neither @ContextConfiguration nor @ContextHierarchy found for test class [com.webservice.springboot.domain.posts.PostsRepositoryTest], using SpringBootContextLoader
2023-04-07 23:18:34.106  INFO 34092 --- [    Test worker] o.s.t.c.support.AbstractContextLoader    : Could not detect default resource locations for test class [com.webservice.springboot.domain.posts.PostsRepositoryTest]: no resource found for suffixes {-context.xml, Context.groovy}.
2023-04-07 23:18:34.107  INFO 34092 --- [    Test worker] t.c.s.AnnotationConfigContextLoaderUtils : Could not detect default configuration classes for test class [com.webservice.springboot.domain.posts.PostsRepositoryTest]: PostsRepositoryTest does not declare any static, non-private, non-final, nested classes annotated with @Configuration.
2023-04-07 23:18:34.119  INFO 34092 --- [    Test worker] .b.t.c.SpringBootTestContextBootstrapper : Found @SpringBootConfiguration com.webservice.springboot.Application for test class com.webservice.springboot.domain.posts.PostsRepositoryTest
2023-04-07 23:18:34.123  INFO 34092 --- [    Test worker] .b.t.c.SpringBootTestContextBootstrapper : Loaded default TestExecutionListener class names from location [META-INF/spring.factories]: [org.springframework.security.test.context.support.WithSecurityContextTestExecutionListener, org.springframework.security.test.context.support.ReactorContextTestExecutionListener, org.springframework.boot.test.autoconfigure.restdocs.RestDocsTestExecutionListener, org.springframework.boot.test.autoconfigure.web.client.MockRestServiceServerResetTestExecutionListener, org.springframework.boot.test.autoconfigure.web.servlet.MockMvcPrintOnlyOnFailureTestExecutionListener, org.springframework.boot.test.autoconfigure.web.servlet.WebDriverTestExecutionListener, org.springframework.boot.test.autoconfigure.webservices.client.MockWebServiceServerTestExecutionListener, org.springframework.boot.test.mock.mockito.MockitoTestExecutionListener, org.springframework.boot.test.mock.mockito.ResetMocksTestExecutionListener, org.springframework.test.context.web.ServletTestExecutionListener, org.springframework.test.context.support.DirtiesContextBeforeModesTestExecutionListener, org.springframework.test.context.event.ApplicationEventsTestExecutionListener, org.springframework.test.context.support.DependencyInjectionTestExecutionListener, org.springframework.test.context.support.DirtiesContextTestExecutionListener, org.springframework.test.context.transaction.TransactionalTestExecutionListener, org.springframework.test.context.jdbc.SqlScriptsTestExecutionListener, org.springframework.test.context.event.EventPublishingTestExecutionListener]
2023-04-07 23:18:34.124  INFO 34092 --- [    Test worker] .b.t.c.SpringBootTestContextBootstrapper : Using TestExecutionListeners: [org.springframework.test.context.web.ServletTestExecutionListener@7c69e1e1, org.springframework.test.context.support.DirtiesContextBeforeModesTestExecutionListener@7b52b18a, org.springframework.test.context.event.ApplicationEventsTestExecutionListener@1bc6c20d, org.springframework.boot.test.mock.mockito.MockitoTestExecutionListener@aedc426, org.springframework.boot.test.autoconfigure.SpringBootDependencyInjectionTestExecutionListener@39b85a73, org.springframework.test.context.support.DirtiesContextTestExecutionListener@5788722f, org.springframework.test.context.transaction.TransactionalTestExecutionListener@7a730479, org.springframework.test.context.jdbc.SqlScriptsTestExecutionListener@1e5b33e5, org.springframework.security.test.context.support.WithSecurityContextTestExecutionListener@654b899f, org.springframework.test.context.event.EventPublishingTestExecutionListener@71468613, org.springframework.security.test.context.support.ReactorContextTestExecutionListener@13f4048e, org.springframework.boot.test.autoconfigure.restdocs.RestDocsTestExecutionListener@5477d90e, org.springframework.boot.test.autoconfigure.web.client.MockRestServiceServerResetTestExecutionListener@6dc9a56e, org.springframework.boot.test.autoconfigure.web.servlet.MockMvcPrintOnlyOnFailureTestExecutionListener@287ad0da, org.springframework.boot.test.autoconfigure.web.servlet.WebDriverTestExecutionListener@1b19712f, org.springframework.boot.test.autoconfigure.webservices.client.MockWebServiceServerTestExecutionListener@714c74eb, org.springframework.boot.test.mock.mockito.ResetMocksTestExecutionListener@510e4d79]

  .   ____          _            __ _ _
 /\\ / ___'_ __ _ _(_)_ __  __ _ \ \ \ \
( ( )\___ | '_ | '_| | '_ \/ _` | \ \ \ \
 \\/  ___)| |_)| | | | | || (_| |  ) ) ) )
  '  |____| .__|_| |_|_| |_\__, | / / / /
 =========|_|==============|___/=/_/_/_/
 :: Spring Boot ::                (v2.6.7)

2023-04-07 23:18:34.160  INFO 34092 --- [    Test worker] c.w.s.domain.posts.PostsRepositoryTest   : Starting PostsRepositoryTest using Java 11.0.18 on MinseoCho with PID 34092 (started by user in C:\rovemin\springboot-aws-webservice)
2023-04-07 23:18:34.161  INFO 34092 --- [    Test worker] c.w.s.domain.posts.PostsRepositoryTest   : The following 1 profile is active: "oauth"
2023-04-07 23:18:34.526  INFO 34092 --- [    Test worker] .s.d.r.c.RepositoryConfigurationDelegate : Bootstrapping Spring Data JPA repositories in DEFAULT mode.
2023-04-07 23:18:34.588  INFO 34092 --- [    Test worker] .s.d.r.c.RepositoryConfigurationDelegate : Finished Spring Data repository scanning in 54 ms. Found 2 JPA repository interfaces.
2023-04-07 23:18:34.929  INFO 34092 --- [    Test worker] com.zaxxer.hikari.HikariDataSource       : HikariPool-1 - Starting...
2023-04-07 23:18:35.134  INFO 34092 --- [    Test worker] com.zaxxer.hikari.HikariDataSource       : HikariPool-1 - Start completed.
2023-04-07 23:18:35.375  INFO 34092 --- [    Test worker] o.hibernate.jpa.internal.util.LogHelper  : HHH000204: Processing PersistenceUnitInfo [name: default]
2023-04-07 23:18:35.434  INFO 34092 --- [    Test worker] org.hibernate.Version                    : HHH000412: Hibernate ORM core version 5.6.8.Final
2023-04-07 23:18:35.486  INFO 34092 --- [    Test worker] o.hibernate.annotations.common.Version   : HCANN000001: Hibernate Commons Annotations {5.1.2.Final}
2023-04-07 23:18:35.648  INFO 34092 --- [    Test worker] org.hibernate.dialect.Dialect            : HHH000400: Using dialect: org.hibernate.dialect.MySQL57Dialect
Hibernate: drop table if exists posts
Hibernate: drop table if exists user
Hibernate: create table posts (id bigint not null auto_increment, created_date datetime(6), modified_date datetime(6), author varchar(255), content TEXT not null, title varchar(500) not null, primary key (id)) engine=InnoDB
Hibernate: create table user (id bigint not null auto_increment, created_date datetime(6), modified_date datetime(6), email varchar(255) not null, name varchar(255) not null, picture varchar(255), role varchar(255) not null, primary key (id)) engine=InnoDB
2023-04-07 23:18:36.200  INFO 34092 --- [    Test worker] o.h.e.t.j.p.i.JtaPlatformInitiator       : HHH000490: Using JtaPlatform implementation: [org.hibernate.engine.transaction.jta.platform.internal.NoJtaPlatform]
2023-04-07 23:18:36.209  INFO 34092 --- [    Test worker] j.LocalContainerEntityManagerFactoryBean : Initialized JPA EntityManagerFactory for persistence unit 'default'
2023-04-07 23:18:36.709  WARN 34092 --- [    Test worker] JpaBaseConfiguration$JpaWebConfiguration : spring.jpa.open-in-view is enabled by default. Therefore, database queries may be performed during view rendering. Explicitly configure spring.jpa.open-in-view to disable this warning
2023-04-07 23:18:37.095  INFO 34092 --- [    Test worker] o.s.s.web.DefaultSecurityFilterChain     : Will secure any request with [org.springframework.security.web.context.request.async.WebAsyncManagerIntegrationFilter@4a1abba1, org.springframework.security.web.context.SecurityContextPersistenceFilter@5120886f, org.springframework.security.web.header.HeaderWriterFilter@476a38d9, org.springframework.security.web.authentication.logout.LogoutFilter@58a93f51, org.springframework.security.oauth2.client.web.OAuth2AuthorizationRequestRedirectFilter@2d10160a, org.springframework.security.oauth2.client.web.OAuth2LoginAuthenticationFilter@157ff8f8, org.springframework.security.web.authentication.ui.DefaultLoginPageGeneratingFilter@282d1023, org.springframework.security.web.authentication.ui.DefaultLogoutPageGeneratingFilter@67263db7, org.springframework.security.web.savedrequest.RequestCacheAwareFilter@4e6c703a, org.springframework.security.web.servletapi.SecurityContextHolderAwareRequestFilter@58d635de, org.springframework.security.web.authentication.AnonymousAuthenticationFilter@4a2bc71f, org.springframework.security.web.session.SessionManagementFilter@79a12552, org.springframework.security.web.access.ExceptionTranslationFilter@52d9a150, org.springframework.security.web.access.intercept.FilterSecurityInterceptor@17a756db]
2023-04-07 23:18:37.364  INFO 34092 --- [    Test worker] o.s.b.a.h2.H2ConsoleAutoConfiguration    : H2 console available at '/h2-console'. Database available at 'jdbc:h2:mem://localhost/~/testdb'
2023-04-07 23:18:37.388  INFO 34092 --- [    Test worker] o.s.b.a.w.s.WelcomePageHandlerMapping    : Adding welcome page template: index
2023-04-07 23:18:37.715  INFO 34092 --- [    Test worker] s.a.ScheduledAnnotationBeanPostProcessor : No TaskScheduler/ScheduledExecutorService bean found for scheduled processing
2023-04-07 23:18:37.722  INFO 34092 --- [    Test worker] c.w.s.domain.posts.PostsRepositoryTest   : Started PostsRepositoryTest in 3.594 seconds (JVM running for 7.839)
Hibernate: insert into posts (created_date, modified_date, author, content, title) values (?, ?, ?, ?, ?)
Hibernate: select posts0_.id as id1_0_, posts0_.created_date as created_2_0_, posts0_.modified_date as modified3_0_, posts0_.author as author4_0_, posts0_.content as content5_0_, posts0_.title as title6_0_ from posts posts0_
Hibernate: select posts0_.id as id1_0_, posts0_.created_date as created_2_0_, posts0_.modified_date as modified3_0_, posts0_.author as author4_0_, posts0_.content as content5_0_, posts0_.title as title6_0_ from posts posts0_
Hibernate: delete from posts where id=?
Hibernate: insert into posts (created_date, modified_date, author, content, title) values (?, ?, ?, ?, ?)
Hibernate: select posts0_.id as id1_0_, posts0_.created_date as created_2_0_, posts0_.modified_date as modified3_0_, posts0_.author as author4_0_, posts0_.content as content5_0_, posts0_.title as title6_0_ from posts posts0_
>>>>>>>>> createDat=2023-04-07T23:18:37.937199, modifiedDate=2023-04-07T23:18:37.937199
Hibernate: select posts0_.id as id1_0_, posts0_.created_date as created_2_0_, posts0_.modified_date as modified3_0_, posts0_.author as author4_0_, posts0_.content as content5_0_, posts0_.title as title6_0_ from posts posts0_
Hibernate: delete from posts where id=?
]]></system-out>
  <system-err><![CDATA[]]></system-err>
</testsuite>
