<?xml version="1.0" encoding="UTF-8"?>
<testsuite name="com.jojoldu.book.springboot.web.IndexControllerTest" tests="1" skipped="0" failures="0" errors="0" timestamp="2023-04-04T17:17:24" hostname="GRAM" time="0.161">
  <properties/>
  <testcase name="메인페이지_로딩()" classname="com.jojoldu.book.springboot.web.IndexControllerTest" time="0.161"/>
  <system-out><![CDATA[2023-04-05 02:17:22.305  INFO 12180 --- [    Test worker] .b.t.c.SpringBootTestContextBootstrapper : Neither @ContextConfiguration nor @ContextHierarchy found for test class [com.jojoldu.book.springboot.web.IndexControllerTest], using SpringBootContextLoader
2023-04-05 02:17:22.305  INFO 12180 --- [    Test worker] o.s.t.c.support.AbstractContextLoader    : Could not detect default resource locations for test class [com.jojoldu.book.springboot.web.IndexControllerTest]: no resource found for suffixes {-context.xml, Context.groovy}.
2023-04-05 02:17:22.305  INFO 12180 --- [    Test worker] t.c.s.AnnotationConfigContextLoaderUtils : Could not detect default configuration classes for test class [com.jojoldu.book.springboot.web.IndexControllerTest]: IndexControllerTest does not declare any static, non-private, non-final, nested classes annotated with @Configuration.
2023-04-05 02:17:22.305  INFO 12180 --- [    Test worker] .b.t.c.SpringBootTestContextBootstrapper : Found @SpringBootConfiguration com.jojoldu.book.springboot.Application for test class com.jojoldu.book.springboot.web.IndexControllerTest
2023-04-05 02:17:22.305  INFO 12180 --- [    Test worker] .b.t.c.SpringBootTestContextBootstrapper : Loaded default TestExecutionListener class names from location [META-INF/spring.factories]: [org.springframework.security.test.context.support.WithSecurityContextTestExecutionListener, org.springframework.security.test.context.support.ReactorContextTestExecutionListener, org.springframework.boot.test.autoconfigure.restdocs.RestDocsTestExecutionListener, org.springframework.boot.test.autoconfigure.web.client.MockRestServiceServerResetTestExecutionListener, org.springframework.boot.test.autoconfigure.web.servlet.MockMvcPrintOnlyOnFailureTestExecutionListener, org.springframework.boot.test.autoconfigure.web.servlet.WebDriverTestExecutionListener, org.springframework.boot.test.autoconfigure.webservices.client.MockWebServiceServerTestExecutionListener, org.springframework.boot.test.mock.mockito.MockitoTestExecutionListener, org.springframework.boot.test.mock.mockito.ResetMocksTestExecutionListener, org.springframework.test.context.web.ServletTestExecutionListener, org.springframework.test.context.support.DirtiesContextBeforeModesTestExecutionListener, org.springframework.test.context.event.ApplicationEventsTestExecutionListener, org.springframework.test.context.support.DependencyInjectionTestExecutionListener, org.springframework.test.context.support.DirtiesContextTestExecutionListener, org.springframework.test.context.transaction.TransactionalTestExecutionListener, org.springframework.test.context.jdbc.SqlScriptsTestExecutionListener, org.springframework.test.context.event.EventPublishingTestExecutionListener]
2023-04-05 02:17:22.312  INFO 12180 --- [    Test worker] .b.t.c.SpringBootTestContextBootstrapper : Using TestExecutionListeners: [org.springframework.test.context.web.ServletTestExecutionListener@27ae6f9e, org.springframework.test.context.support.DirtiesContextBeforeModesTestExecutionListener@4fdea2de, org.springframework.test.context.event.ApplicationEventsTestExecutionListener@5ea24702, org.springframework.boot.test.mock.mockito.MockitoTestExecutionListener@1da2219c, org.springframework.boot.test.autoconfigure.SpringBootDependencyInjectionTestExecutionListener@49a46f29, org.springframework.test.context.support.DirtiesContextTestExecutionListener@7356ec91, org.springframework.test.context.transaction.TransactionalTestExecutionListener@3f803fae, org.springframework.test.context.jdbc.SqlScriptsTestExecutionListener@33224703, org.springframework.security.test.context.support.WithSecurityContextTestExecutionListener@5915ab69, org.springframework.test.context.event.EventPublishingTestExecutionListener@1d63f6be, org.springframework.security.test.context.support.ReactorContextTestExecutionListener@23a0c7f3, org.springframework.boot.test.autoconfigure.restdocs.RestDocsTestExecutionListener@21b96db, org.springframework.boot.test.autoconfigure.web.client.MockRestServiceServerResetTestExecutionListener@76a13b12, org.springframework.boot.test.autoconfigure.web.servlet.MockMvcPrintOnlyOnFailureTestExecutionListener@7475f57e, org.springframework.boot.test.autoconfigure.web.servlet.WebDriverTestExecutionListener@514f2b5c, org.springframework.boot.test.autoconfigure.webservices.client.MockWebServiceServerTestExecutionListener@f3cc2e0, org.springframework.boot.test.mock.mockito.ResetMocksTestExecutionListener@70ba01be]

  .   ____          _            __ _ _
 /\\ / ___'_ __ _ _(_)_ __  __ _ \ \ \ \
( ( )\___ | '_ | '_| | '_ \/ _` | \ \ \ \
 \\/  ___)| |_)| | | | | || (_| |  ) ) ) )
  '  |____| .__|_| |_|_| |_\__, | / / / /
 =========|_|==============|___/=/_/_/_/
 :: Spring Boot ::                (v2.6.7)

2023-04-05 02:17:22.344  INFO 12180 --- [    Test worker] c.j.b.s.web.IndexControllerTest          : Starting IndexControllerTest using Java 11.0.14 on gram with PID 12180 (started by user in C:\Users\lpwl2\IdeaProjects\efub3-springboot-webservice-study\YJ-Lee-Kim\chap5)
2023-04-05 02:17:22.344  INFO 12180 --- [    Test worker] c.j.b.s.web.IndexControllerTest          : The following 1 profile is active: "oauth"
2023-04-05 02:17:22.598  INFO 12180 --- [    Test worker] .s.d.r.c.RepositoryConfigurationDelegate : Bootstrapping Spring Data JPA repositories in DEFAULT mode.
2023-04-05 02:17:22.613  INFO 12180 --- [    Test worker] .s.d.r.c.RepositoryConfigurationDelegate : Finished Spring Data repository scanning in 25 ms. Found 2 JPA repository interfaces.
2023-04-05 02:17:22.946  INFO 12180 --- [    Test worker] o.s.b.w.embedded.tomcat.TomcatWebServer  : Tomcat initialized with port(s): 0 (http)
2023-04-05 02:17:22.962  INFO 12180 --- [    Test worker] o.apache.catalina.core.StandardService   : Starting service [Tomcat]
2023-04-05 02:17:22.962  INFO 12180 --- [    Test worker] org.apache.catalina.core.StandardEngine  : Starting Servlet engine: [Apache Tomcat/9.0.62]
2023-04-05 02:17:23.131  INFO 12180 --- [    Test worker] o.a.c.c.C.[Tomcat].[localhost].[/]       : Initializing Spring embedded WebApplicationContext
2023-04-05 02:17:23.131  INFO 12180 --- [    Test worker] w.s.c.ServletWebServerApplicationContext : Root WebApplicationContext: initialization completed in 771 ms
2023-04-05 02:17:23.162  INFO 12180 --- [    Test worker] com.zaxxer.hikari.HikariDataSource       : HikariPool-2 - Starting...
2023-04-05 02:17:23.162  INFO 12180 --- [    Test worker] com.zaxxer.hikari.HikariDataSource       : HikariPool-2 - Start completed.
2023-04-05 02:17:23.162  INFO 12180 --- [    Test worker] o.s.b.a.h2.H2ConsoleAutoConfiguration    : H2 console available at '/h2-console'. Database available at 'jdbc:h2:mem://localhost/~/testdb'
2023-04-05 02:17:23.321  INFO 12180 --- [    Test worker] o.hibernate.jpa.internal.util.LogHelper  : HHH000204: Processing PersistenceUnitInfo [name: default]
2023-04-05 02:17:23.336  INFO 12180 --- [    Test worker] org.hibernate.dialect.Dialect            : HHH000400: Using dialect: org.hibernate.dialect.MySQL57Dialect
Hibernate: drop table if exists posts
Hibernate: drop table if exists user
Hibernate: create table posts (id bigint not null auto_increment, created_date datetime(6), modified_date datetime(6), author varchar(255), content TEXT not null, title varchar(500) not null, primary key (id)) engine=InnoDB
Hibernate: create table user (id bigint not null auto_increment, created_date datetime(6), modified_date datetime(6), email varchar(255) not null, name varchar(255) not null, picture varchar(255), role varchar(255) not null, primary key (id)) engine=InnoDB
2023-04-05 02:17:23.384  INFO 12180 --- [    Test worker] o.h.e.t.j.p.i.JtaPlatformInitiator       : HHH000490: Using JtaPlatform implementation: [org.hibernate.engine.transaction.jta.platform.internal.NoJtaPlatform]
2023-04-05 02:17:23.384  INFO 12180 --- [    Test worker] j.LocalContainerEntityManagerFactoryBean : Initialized JPA EntityManagerFactory for persistence unit 'default'
2023-04-05 02:17:23.601  WARN 12180 --- [    Test worker] JpaBaseConfiguration$JpaWebConfiguration : spring.jpa.open-in-view is enabled by default. Therefore, database queries may be performed during view rendering. Explicitly configure spring.jpa.open-in-view to disable this warning
2023-04-05 02:17:23.775  INFO 12180 --- [    Test worker] o.s.s.web.DefaultSecurityFilterChain     : Will secure any request with [org.springframework.security.web.context.request.async.WebAsyncManagerIntegrationFilter@5546a9e0, org.springframework.security.web.context.SecurityContextPersistenceFilter@122557f8, org.springframework.security.web.header.HeaderWriterFilter@2978d342, org.springframework.security.web.authentication.logout.LogoutFilter@71a18feb, org.springframework.security.oauth2.client.web.OAuth2AuthorizationRequestRedirectFilter@37acf9b1, org.springframework.security.oauth2.client.web.OAuth2LoginAuthenticationFilter@279e9c95, org.springframework.security.web.authentication.ui.DefaultLoginPageGeneratingFilter@2fe6bcbb, org.springframework.security.web.authentication.ui.DefaultLogoutPageGeneratingFilter@1c027237, org.springframework.security.web.savedrequest.RequestCacheAwareFilter@1e8f20bf, org.springframework.security.web.servletapi.SecurityContextHolderAwareRequestFilter@718212ef, org.springframework.security.web.authentication.AnonymousAuthenticationFilter@4cb37177, org.springframework.security.web.session.SessionManagementFilter@7dbf92aa, org.springframework.security.web.access.ExceptionTranslationFilter@4ab8c3c0, org.springframework.security.web.access.intercept.FilterSecurityInterceptor@2bac4423]
2023-04-05 02:17:23.918  INFO 12180 --- [    Test worker] o.s.b.a.w.s.WelcomePageHandlerMapping    : Adding welcome page template: index
2023-04-05 02:17:24.170  INFO 12180 --- [    Test worker] o.s.b.w.embedded.tomcat.TomcatWebServer  : Tomcat started on port(s): 54663 (http) with context path ''
2023-04-05 02:17:24.170  INFO 12180 --- [    Test worker] s.a.ScheduledAnnotationBeanPostProcessor : No TaskScheduler/ScheduledExecutorService bean found for scheduled processing
2023-04-05 02:17:24.186  INFO 12180 --- [    Test worker] c.j.b.s.web.IndexControllerTest          : Started IndexControllerTest in 1.872 seconds (JVM running for 10.291)
2023-04-05 02:17:24.266  INFO 12180 --- [o-auto-1-exec-1] o.a.c.c.C.[Tomcat].[localhost].[/]       : Initializing Spring DispatcherServlet 'dispatcherServlet'
2023-04-05 02:17:24.266  INFO 12180 --- [o-auto-1-exec-1] o.s.web.servlet.DispatcherServlet        : Initializing Servlet 'dispatcherServlet'
2023-04-05 02:17:24.266  INFO 12180 --- [o-auto-1-exec-1] o.s.web.servlet.DispatcherServlet        : Completed initialization in 0 ms
Hibernate: select posts0_.id as id1_0_, posts0_.created_date as created_2_0_, posts0_.modified_date as modified3_0_, posts0_.author as author4_0_, posts0_.content as content5_0_, posts0_.title as title6_0_ from posts posts0_ order by posts0_.id DESC
]]></system-out>
  <system-err><![CDATA[]]></system-err>
</testsuite>
