<?xml version="1.0" encoding="UTF-8"?>
<testsuite name="com.jojoldu.book.springboot.domain.posts.PostsRepositoryTest" tests="2" skipped="0" failures="0" errors="0" timestamp="2023-04-04T17:17:22" hostname="GRAM" time="0.224">
  <properties/>
  <testcase name="게시글저장_불러오기()" classname="com.jojoldu.book.springboot.domain.posts.PostsRepositoryTest" time="0.2"/>
  <testcase name="BaseTimeEntity_등록()" classname="com.jojoldu.book.springboot.domain.posts.PostsRepositoryTest" time="0.023"/>
  <system-out><![CDATA[2023-04-05 02:17:18.298  INFO 12180 --- [    Test worker] .b.t.c.SpringBootTestContextBootstrapper : Neither @ContextConfiguration nor @ContextHierarchy found for test class [com.jojoldu.book.springboot.domain.posts.PostsRepositoryTest], using SpringBootContextLoader
2023-04-05 02:17:18.298  INFO 12180 --- [    Test worker] o.s.t.c.support.AbstractContextLoader    : Could not detect default resource locations for test class [com.jojoldu.book.springboot.domain.posts.PostsRepositoryTest]: no resource found for suffixes {-context.xml, Context.groovy}.
2023-04-05 02:17:18.298  INFO 12180 --- [    Test worker] t.c.s.AnnotationConfigContextLoaderUtils : Could not detect default configuration classes for test class [com.jojoldu.book.springboot.domain.posts.PostsRepositoryTest]: PostsRepositoryTest does not declare any static, non-private, non-final, nested classes annotated with @Configuration.
2023-04-05 02:17:18.298  INFO 12180 --- [    Test worker] .b.t.c.SpringBootTestContextBootstrapper : Found @SpringBootConfiguration com.jojoldu.book.springboot.Application for test class com.jojoldu.book.springboot.domain.posts.PostsRepositoryTest
2023-04-05 02:17:18.313  INFO 12180 --- [    Test worker] .b.t.c.SpringBootTestContextBootstrapper : Loaded default TestExecutionListener class names from location [META-INF/spring.factories]: [org.springframework.security.test.context.support.WithSecurityContextTestExecutionListener, org.springframework.security.test.context.support.ReactorContextTestExecutionListener, org.springframework.boot.test.autoconfigure.restdocs.RestDocsTestExecutionListener, org.springframework.boot.test.autoconfigure.web.client.MockRestServiceServerResetTestExecutionListener, org.springframework.boot.test.autoconfigure.web.servlet.MockMvcPrintOnlyOnFailureTestExecutionListener, org.springframework.boot.test.autoconfigure.web.servlet.WebDriverTestExecutionListener, org.springframework.boot.test.autoconfigure.webservices.client.MockWebServiceServerTestExecutionListener, org.springframework.boot.test.mock.mockito.MockitoTestExecutionListener, org.springframework.boot.test.mock.mockito.ResetMocksTestExecutionListener, org.springframework.test.context.web.ServletTestExecutionListener, org.springframework.test.context.support.DirtiesContextBeforeModesTestExecutionListener, org.springframework.test.context.event.ApplicationEventsTestExecutionListener, org.springframework.test.context.support.DependencyInjectionTestExecutionListener, org.springframework.test.context.support.DirtiesContextTestExecutionListener, org.springframework.test.context.transaction.TransactionalTestExecutionListener, org.springframework.test.context.jdbc.SqlScriptsTestExecutionListener, org.springframework.test.context.event.EventPublishingTestExecutionListener]
2023-04-05 02:17:18.313  INFO 12180 --- [    Test worker] .b.t.c.SpringBootTestContextBootstrapper : Using TestExecutionListeners: [org.springframework.test.context.web.ServletTestExecutionListener@24b3f778, org.springframework.test.context.support.DirtiesContextBeforeModesTestExecutionListener@164dea80, org.springframework.test.context.event.ApplicationEventsTestExecutionListener@4392362c, org.springframework.boot.test.mock.mockito.MockitoTestExecutionListener@338a4c61, org.springframework.boot.test.autoconfigure.SpringBootDependencyInjectionTestExecutionListener@839755f, org.springframework.test.context.support.DirtiesContextTestExecutionListener@71d99732, org.springframework.test.context.transaction.TransactionalTestExecutionListener@2328ec73, org.springframework.test.context.jdbc.SqlScriptsTestExecutionListener@42a05533, org.springframework.security.test.context.support.WithSecurityContextTestExecutionListener@17053b5, org.springframework.test.context.event.EventPublishingTestExecutionListener@3cad24ae, org.springframework.security.test.context.support.ReactorContextTestExecutionListener@58021c3c, org.springframework.boot.test.autoconfigure.restdocs.RestDocsTestExecutionListener@18cbc3c2, org.springframework.boot.test.autoconfigure.web.client.MockRestServiceServerResetTestExecutionListener@1b25d695, org.springframework.boot.test.autoconfigure.web.servlet.MockMvcPrintOnlyOnFailureTestExecutionListener@4ef8090b, org.springframework.boot.test.autoconfigure.web.servlet.WebDriverTestExecutionListener@6d31f14, org.springframework.boot.test.autoconfigure.webservices.client.MockWebServiceServerTestExecutionListener@404009df, org.springframework.boot.test.mock.mockito.ResetMocksTestExecutionListener@75e4fe3c]

  .   ____          _            __ _ _
 /\\ / ___'_ __ _ _(_)_ __  __ _ \ \ \ \
( ( )\___ | '_ | '_| | '_ \/ _` | \ \ \ \
 \\/  ___)| |_)| | | | | || (_| |  ) ) ) )
  '  |____| .__|_| |_|_| |_\__, | / / / /
 =========|_|==============|___/=/_/_/_/
 :: Spring Boot ::                (v2.6.7)

2023-04-05 02:17:18.346  INFO 12180 --- [    Test worker] c.j.b.s.d.posts.PostsRepositoryTest      : Starting PostsRepositoryTest using Java 11.0.14 on gram with PID 12180 (started by user in C:\Users\lpwl2\IdeaProjects\efub3-springboot-webservice-study\YJ-Lee-Kim\chap5)
2023-04-05 02:17:18.346  INFO 12180 --- [    Test worker] c.j.b.s.d.posts.PostsRepositoryTest      : The following 1 profile is active: "oauth"
2023-04-05 02:17:18.739  INFO 12180 --- [    Test worker] .s.d.r.c.RepositoryConfigurationDelegate : Bootstrapping Spring Data JPA repositories in DEFAULT mode.
2023-04-05 02:17:18.818  INFO 12180 --- [    Test worker] .s.d.r.c.RepositoryConfigurationDelegate : Finished Spring Data repository scanning in 61 ms. Found 2 JPA repository interfaces.
2023-04-05 02:17:19.156  INFO 12180 --- [    Test worker] com.zaxxer.hikari.HikariDataSource       : HikariPool-1 - Starting...
2023-04-05 02:17:19.374  INFO 12180 --- [    Test worker] com.zaxxer.hikari.HikariDataSource       : HikariPool-1 - Start completed.
2023-04-05 02:17:19.614  INFO 12180 --- [    Test worker] o.hibernate.jpa.internal.util.LogHelper  : HHH000204: Processing PersistenceUnitInfo [name: default]
2023-04-05 02:17:19.694  INFO 12180 --- [    Test worker] org.hibernate.Version                    : HHH000412: Hibernate ORM core version 5.6.8.Final
2023-04-05 02:17:19.757  INFO 12180 --- [    Test worker] o.hibernate.annotations.common.Version   : HCANN000001: Hibernate Commons Annotations {5.1.2.Final}
2023-04-05 02:17:19.900  INFO 12180 --- [    Test worker] org.hibernate.dialect.Dialect            : HHH000400: Using dialect: org.hibernate.dialect.MySQL57Dialect
Hibernate: drop table if exists posts
Hibernate: drop table if exists user
Hibernate: create table posts (id bigint not null auto_increment, created_date datetime(6), modified_date datetime(6), author varchar(255), content TEXT not null, title varchar(500) not null, primary key (id)) engine=InnoDB
Hibernate: create table user (id bigint not null auto_increment, created_date datetime(6), modified_date datetime(6), email varchar(255) not null, name varchar(255) not null, picture varchar(255), role varchar(255) not null, primary key (id)) engine=InnoDB
2023-04-05 02:17:20.489  INFO 12180 --- [    Test worker] o.h.e.t.j.p.i.JtaPlatformInitiator       : HHH000490: Using JtaPlatform implementation: [org.hibernate.engine.transaction.jta.platform.internal.NoJtaPlatform]
2023-04-05 02:17:20.511  INFO 12180 --- [    Test worker] j.LocalContainerEntityManagerFactoryBean : Initialized JPA EntityManagerFactory for persistence unit 'default'
2023-04-05 02:17:20.985  WARN 12180 --- [    Test worker] JpaBaseConfiguration$JpaWebConfiguration : spring.jpa.open-in-view is enabled by default. Therefore, database queries may be performed during view rendering. Explicitly configure spring.jpa.open-in-view to disable this warning
2023-04-05 02:17:21.381  INFO 12180 --- [    Test worker] o.s.s.web.DefaultSecurityFilterChain     : Will secure any request with [org.springframework.security.web.context.request.async.WebAsyncManagerIntegrationFilter@6f87bc6c, org.springframework.security.web.context.SecurityContextPersistenceFilter@2d2710a8, org.springframework.security.web.header.HeaderWriterFilter@623dc0b8, org.springframework.security.web.authentication.logout.LogoutFilter@31773d5b, org.springframework.security.oauth2.client.web.OAuth2AuthorizationRequestRedirectFilter@33ac7934, org.springframework.security.oauth2.client.web.OAuth2LoginAuthenticationFilter@152bb4cc, org.springframework.security.web.authentication.ui.DefaultLoginPageGeneratingFilter@23657729, org.springframework.security.web.authentication.ui.DefaultLogoutPageGeneratingFilter@178f5b5b, org.springframework.security.web.savedrequest.RequestCacheAwareFilter@50b1dfab, org.springframework.security.web.servletapi.SecurityContextHolderAwareRequestFilter@5c85ed05, org.springframework.security.web.authentication.AnonymousAuthenticationFilter@47baf547, org.springframework.security.web.session.SessionManagementFilter@fee1e32, org.springframework.security.web.access.ExceptionTranslationFilter@65630116, org.springframework.security.web.access.intercept.FilterSecurityInterceptor@4f66f2dd]
2023-04-05 02:17:21.679  INFO 12180 --- [    Test worker] o.s.b.a.h2.H2ConsoleAutoConfiguration    : H2 console available at '/h2-console'. Database available at 'jdbc:h2:mem://localhost/~/testdb'
2023-04-05 02:17:21.694  INFO 12180 --- [    Test worker] o.s.b.a.w.s.WelcomePageHandlerMapping    : Adding welcome page template: index
2023-04-05 02:17:22.059  INFO 12180 --- [    Test worker] s.a.ScheduledAnnotationBeanPostProcessor : No TaskScheduler/ScheduledExecutorService bean found for scheduled processing
2023-04-05 02:17:22.059  INFO 12180 --- [    Test worker] c.j.b.s.d.posts.PostsRepositoryTest      : Started PostsRepositoryTest in 3.754 seconds (JVM running for 8.175)
Hibernate: insert into posts (created_date, modified_date, author, content, title) values (?, ?, ?, ?, ?)
Hibernate: select posts0_.id as id1_0_, posts0_.created_date as created_2_0_, posts0_.modified_date as modified3_0_, posts0_.author as author4_0_, posts0_.content as content5_0_, posts0_.title as title6_0_ from posts posts0_
Hibernate: select posts0_.id as id1_0_, posts0_.created_date as created_2_0_, posts0_.modified_date as modified3_0_, posts0_.author as author4_0_, posts0_.content as content5_0_, posts0_.title as title6_0_ from posts posts0_
Hibernate: delete from posts where id=?
Hibernate: insert into posts (created_date, modified_date, author, content, title) values (?, ?, ?, ?, ?)
Hibernate: select posts0_.id as id1_0_, posts0_.created_date as created_2_0_, posts0_.modified_date as modified3_0_, posts0_.author as author4_0_, posts0_.content as content5_0_, posts0_.title as title6_0_ from posts posts0_
>>>>>>>>> createDate=2023-04-05T02:17:22.265714, modifiedDate=2023-04-05T02:17:22.265714
Hibernate: select posts0_.id as id1_0_, posts0_.created_date as created_2_0_, posts0_.modified_date as modified3_0_, posts0_.author as author4_0_, posts0_.content as content5_0_, posts0_.title as title6_0_ from posts posts0_
Hibernate: delete from posts where id=?
]]></system-out>
  <system-err><![CDATA[]]></system-err>
</testsuite>
